<?xml version="1.0" encoding="UTF-8"?>
<testsuite xmlns:xsi="http://www.w3.org/2001/XMLSchema-instance" xsi:noNamespaceSchemaLocation="https://maven.apache.org/surefire/maven-surefire-plugin/xsd/surefire-test-report-3.0.xsd" version="3.0" name="com.ecomarket.notificationservice.NotificationControllerTest" time="0.297" tests="1" errors="0" skipped="0" failures="0">
  <properties>
[...]
</properties>
  <testcase name="shouldReturnStockAlert" classname="com.ecomarket.notificationservice.NotificationControllerTest" time="0.076">
    <system-out><![CDATA[2025-06-25T12:52:18.871-04:00  INFO 28545 --- [notification-service] [           main] t.c.s.AnnotationConfigContextLoaderUtils : Could not detect default configuration classes for test class [com.ecomarket.notificationservice.NotificationControllerTest]: NotificationControllerTest does not declare any static, non-private, non-final, nested classes annotated with @Configuration.
2025-06-25T12:52:18.880-04:00  INFO 28545 --- [notification-service] [           main] .b.t.c.SpringBootTestContextBootstrapper : Found @SpringBootConfiguration com.ecomarket.notificationservice.NotificationServiceApplication for test class com.ecomarket.notificationservice.NotificationControllerTest
2025-06-25T12:52:18.884-04:00  INFO 28545 --- [notification-service] [           main] o.s.b.d.r.RestartApplicationListener     : Restart disabled due to context in which it is running

  .   ____          _            __ _ _
 /\\ / ___'_ __ _ _(_)_ __  __ _ \ \ \ \
( ( )\___ | '_ | '_| | '_ \/ _` | \ \ \ \
 \\/  ___)| |_)| | | | | || (_| |  ) ) ) )
  '  |____| .__|_| |_|_| |_\__, | / / / /
 =========|_|==============|___/=/_/_/_/

 :: Spring Boot ::                (v3.4.5)

2025-06-25T12:52:18.895-04:00  INFO 28545 --- [notification-service] [           main] c.e.n.NotificationControllerTest         : Starting NotificationControllerTest using Java 23.0.2 with PID 28545 (started by jaimeluna in /Users/jaimeluna/Proyectos/Ecomarket_Fullstack/ecomarket-microservices/notification-service)
2025-06-25T12:52:18.895-04:00  INFO 28545 --- [notification-service] [           main] c.e.n.NotificationControllerTest         : No active profile set, falling back to 1 default profile: "default"
2025-06-25T12:52:19.076-04:00  INFO 28545 --- [notification-service] [           main] o.s.b.t.m.w.SpringBootMockServletContext : Initializing Spring TestDispatcherServlet ''
2025-06-25T12:52:19.076-04:00  INFO 28545 --- [notification-service] [           main] o.s.t.web.servlet.TestDispatcherServlet  : Initializing Servlet ''
2025-06-25T12:52:19.078-04:00  INFO 28545 --- [notification-service] [           main] o.s.t.web.servlet.TestDispatcherServlet  : Completed initialization in 0 ms
2025-06-25T12:52:19.087-04:00  INFO 28545 --- [notification-service] [           main] c.e.n.NotificationControllerTest         : Started NotificationControllerTest in 0.204 seconds (process running for 3.636)
]]></system-out>
  </testcase>
</testsuite>