<?xml version="1.0" encoding="UTF-8"?>
<testsuite xmlns:xsi="http://www.w3.org/2001/XMLSchema-instance" xsi:noNamespaceSchemaLocation="https://maven.apache.org/surefire/maven-surefire-plugin/xsd/surefire-test-report.xsd" version="3.0.2" name="com.ecomarket.notificationservice.NotificationServiceApplicationTests" time="3.515" tests="1" errors="0" skipped="0" failures="0">
  <properties>
[...]
</properties>
  <testcase name="contextLoads" classname="com.ecomarket.notificationservice.NotificationServiceApplicationTests" time="0.322">
    <system-out><![CDATA[14:52:31.348 [main] INFO org.springframework.test.context.support.AnnotationConfigContextLoaderUtils -- Could not detect default configuration classes for test class [com.ecomarket.notificationservice.NotificationServiceApplicationTests]: NotificationServiceApplicationTests does not declare any static, non-private, non-final, nested classes annotated with @Configuration.
14:52:31.414 [main] INFO org.springframework.boot.test.context.SpringBootTestContextBootstrapper -- Found @SpringBootConfiguration com.ecomarket.notificationservice.NotificationServiceApplication for test class com.ecomarket.notificationservice.NotificationServiceApplicationTests
14:52:31.515 [main] INFO org.springframework.boot.devtools.restart.RestartApplicationListener -- Restart disabled due to context in which it is running

  .   ____          _            __ _ _
 /\\ / ___'_ __ _ _(_)_ __  __ _ \ \ \ \
( ( )\___ | '_ | '_| | '_ \/ _` | \ \ \ \
 \\/  ___)| |_)| | | | | || (_| |  ) ) ) )
  '  |____| .__|_| |_|_| |_\__, | / / / /
 =========|_|==============|___/=/_/_/_/

 :: Spring Boot ::                (v3.4.5)

2025-06-25T14:52:31.658-04:00  INFO 45095 --- [notification-service] [           main] .e.n.NotificationServiceApplicationTests : Starting NotificationServiceApplicationTests using Java 23.0.2 with PID 45095 (started by jaimeluna in /Users/jaimeluna/Proyectos/Ecomarket_Fullstack/ecomarket-microservices/notification-service)
2025-06-25T14:52:31.659-04:00  INFO 45095 --- [notification-service] [           main] .e.n.NotificationServiceApplicationTests : The following 1 profile is active: "dev"
2025-06-25T14:52:32.215-04:00  INFO 45095 --- [notification-service] [           main] .s.d.r.c.RepositoryConfigurationDelegate : Bootstrapping Spring Data JPA repositories in DEFAULT mode.
2025-06-25T14:52:32.246-04:00  INFO 45095 --- [notification-service] [           main] .s.d.r.c.RepositoryConfigurationDelegate : Finished Spring Data repository scanning in 25 ms. Found 1 JPA repository interface.
2025-06-25T14:52:32.548-04:00  INFO 45095 --- [notification-service] [           main] o.hibernate.jpa.internal.util.LogHelper  : HHH000204: Processing PersistenceUnitInfo [name: default]
2025-06-25T14:52:32.579-04:00  INFO 45095 --- [notification-service] [           main] org.hibernate.Version                    : HHH000412: Hibernate ORM core version 6.6.13.Final
2025-06-25T14:52:32.602-04:00  INFO 45095 --- [notification-service] [           main] o.h.c.internal.RegionFactoryInitiator    : HHH000026: Second-level cache disabled
2025-06-25T14:52:32.760-04:00  INFO 45095 --- [notification-service] [           main] o.s.o.j.p.SpringPersistenceUnitInfo      : No LoadTimeWeaver setup: ignoring JPA class transformer
2025-06-25T14:52:32.779-04:00  INFO 45095 --- [notification-service] [           main] com.zaxxer.hikari.HikariDataSource       : HikariPool-1 - Starting...
2025-06-25T14:52:32.881-04:00  INFO 45095 --- [notification-service] [           main] com.zaxxer.hikari.pool.HikariPool        : HikariPool-1 - Added connection conn0: url=jdbc:h2:mem:devdb user=DEV
2025-06-25T14:52:32.882-04:00  INFO 45095 --- [notification-service] [           main] com.zaxxer.hikari.HikariDataSource       : HikariPool-1 - Start completed.
2025-06-25T14:52:32.914-04:00  INFO 45095 --- [notification-service] [           main] org.hibernate.orm.connections.pooling    : HHH10001005: Database info:
	Database JDBC URL [Connecting through datasource 'HikariDataSource (HikariPool-1)']
	Database driver: undefined/unknown
	Database version: 2.3.232
	Autocommit mode: undefined/unknown
	Isolation level: undefined/unknown
	Minimum pool size: undefined/unknown
	Maximum pool size: undefined/unknown
2025-06-25T14:52:33.587-04:00  INFO 45095 --- [notification-service] [           main] o.h.e.t.j.p.i.JtaPlatformInitiator       : HHH000489: No JTA platform available (set 'hibernate.transaction.jta.platform' to enable JTA platform integration)
2025-06-25T14:52:33.594-04:00 DEBUG 45095 --- [notification-service] [           main] org.hibernate.SQL                        : 
    drop table if exists notification cascade 
Hibernate: 
    drop table if exists notification cascade 
2025-06-25T14:52:33.598-04:00 DEBUG 45095 --- [notification-service] [           main] org.hibernate.SQL                        : 
    create table notification (
        id bigint generated by default as identity,
        timestamp timestamp(6),
        message varchar(255),
        product_id varchar(255),
        type varchar(255),
        primary key (id)
    )
Hibernate: 
    create table notification (
        id bigint generated by default as identity,
        timestamp timestamp(6),
        message varchar(255),
        product_id varchar(255),
        type varchar(255),
        primary key (id)
    )
2025-06-25T14:52:33.604-04:00  INFO 45095 --- [notification-service] [           main] j.LocalContainerEntityManagerFactoryBean : Initialized JPA EntityManagerFactory for persistence unit 'default'
2025-06-25T14:52:33.913-04:00  WARN 45095 --- [notification-service] [           main] JpaBaseConfiguration$JpaWebConfiguration : spring.jpa.open-in-view is enabled by default. Therefore, database queries may be performed during view rendering. Explicitly configure spring.jpa.open-in-view to disable this warning
2025-06-25T14:52:34.356-04:00  INFO 45095 --- [notification-service] [           main] o.s.b.a.e.web.EndpointLinksResolver      : Exposing 1 endpoint beneath base path '/actuator'
2025-06-25T14:52:34.401-04:00  INFO 45095 --- [notification-service] [           main] .e.n.NotificationServiceApplicationTests : Started NotificationServiceApplicationTests in 2.895 seconds (process running for 3.475)
]]></system-out>
    <system-err><![CDATA[Mockito is currently self-attaching to enable the inline-mock-maker. This will no longer work in future releases of the JDK. Please add Mockito as an agent to your build what is described in Mockito's documentation: https://javadoc.io/doc/org.mockito/mockito-core/latest/org/mockito/Mockito.html#0.3
WARNING: A Java agent has been loaded dynamically (/Users/jaimeluna/.m2/repository/net/bytebuddy/byte-buddy-agent/1.15.11/byte-buddy-agent-1.15.11.jar)
WARNING: If a serviceability tool is in use, please run with -XX:+EnableDynamicAgentLoading to hide this warning
WARNING: If a serviceability tool is not in use, please run with -Djdk.instrument.traceUsage for more information
WARNING: Dynamic loading of agents will be disallowed by default in a future release
]]></system-err>
  </testcase>
</testsuite>