<?xml version="1.0" encoding="UTF-8"?>
<testsuite xmlns:xsi="http://www.w3.org/2001/XMLSchema-instance" xsi:noNamespaceSchemaLocation="https://maven.apache.org/surefire/maven-surefire-plugin/xsd/surefire-test-report.xsd" version="3.0.2" name="com.ecomarket.productservice.service.ProductoServiceTest" time="0.115" tests="13" errors="0" skipped="0" failures="0">
  <properties>
[...]
</properties>
  <testcase name="testTotalProductos" classname="com.ecomarket.productservice.service.ProductoServiceTest" time="0.099"/>
  <testcase name="testBuscarPorId_ProductoExistente" classname="com.ecomarket.productservice.service.ProductoServiceTest" time="0.002"/>
  <testcase name="testBuscarPorId_ProductoNoExistente" classname="com.ecomarket.productservice.service.ProductoServiceTest" time="0.001"/>
  <testcase name="testGuardar" classname="com.ecomarket.productservice.service.ProductoServiceTest" time="0.001"/>
  <testcase name="testEliminar_ProductoNoExistente" classname="com.ecomarket.productservice.service.ProductoServiceTest" time="0.002"/>
  <testcase name="testObtenerTodos" classname="com.ecomarket.productservice.service.ProductoServiceTest" time="0.001"/>
  <testcase name="testObtenerPorCategoria" classname="com.ecomarket.productservice.service.ProductoServiceTest" time="0.0"/>
  <testcase name="testActualizar_ProductoExistente" classname="com.ecomarket.productservice.service.ProductoServiceTest" time="0.001"/>
  <testcase name="testObtenerProductosEcologicos" classname="com.ecomarket.productservice.service.ProductoServiceTest" time="0.002"/>
  <testcase name="testEliminar_ProductoExistente" classname="com.ecomarket.productservice.service.ProductoServiceTest" time="0.002"/>
  <testcase name="testBuscarPorSKU_ProductoNoExistente" classname="com.ecomarket.productservice.service.ProductoServiceTest" time="0.001"/>
  <testcase name="testBuscarPorSKU_ProductoExistente" classname="com.ecomarket.productservice.service.ProductoServiceTest" time="0.001"/>
  <testcase name="testActualizar_ProductoNoExistente" classname="com.ecomarket.productservice.service.ProductoServiceTest" time="0.001"/>
</testsuite>