<?xml version="1.0" encoding="UTF-8"?>
<testsuite xmlns:xsi="http://www.w3.org/2001/XMLSchema-instance" xsi:noNamespaceSchemaLocation="https://maven.apache.org/surefire/maven-surefire-plugin/xsd/surefire-test-report.xsd" version="3.0.2" name="com.ecomarket.userservice.UserServiceApplicationTests" time="2.116" tests="1" errors="0" skipped="0" failures="0">
  <properties>
[...]
</properties>
  <testcase name="contextLoads" classname="com.ecomarket.userservice.UserServiceApplicationTests" time="0.008">
    <system-out><![CDATA[2025-06-25T13:48:09.687-04:00  INFO 12452 --- [user-service] [           main] t.c.s.AnnotationConfigContextLoaderUtils : Could not detect default configuration classes for test class [com.ecomarket.userservice.UserServiceApplicationTests]: UserServiceApplicationTests does not declare any static, non-private, non-final, nested classes annotated with @Configuration.
2025-06-25T13:48:09.695-04:00  INFO 12452 --- [user-service] [           main] .b.t.c.SpringBootTestContextBootstrapper : Found @SpringBootConfiguration com.ecomarket.userservice.UserServiceApplication for test class com.ecomarket.userservice.UserServiceApplicationTests
2025-06-25T13:48:09.704-04:00  INFO 12452 --- [user-service] [           main] o.s.b.d.r.RestartApplicationListener     : Restart disabled due to context in which it is running

  .   ____          _            __ _ _
 /\\ / ___'_ __ _ _(_)_ __  __ _ \ \ \ \
( ( )\___ | '_ | '_| | '_ \/ _` | \ \ \ \
 \\/  ___)| |_)| | | | | || (_| |  ) ) ) )
  '  |____| .__|_| |_|_| |_\__, | / / / /
 =========|_|==============|___/=/_/_/_/

 :: Spring Boot ::                (v3.4.5)

2025-06-25T13:48:09.733-04:00  INFO 12452 --- [user-service] [           main] c.e.u.UserServiceApplicationTests        : Starting UserServiceApplicationTests using Java 17.0.15 with PID 12452 (started by Rodrigo in C:\Desarrollo\Desarrollo_Fullstack\PrimerProyecto\Ecomarket_Fullstack\ecomarket-microservices\user-service)
2025-06-25T13:48:09.733-04:00  INFO 12452 --- [user-service] [           main] c.e.u.UserServiceApplicationTests        : The following 1 profile is active: "dev"
2025-06-25T13:48:10.222-04:00  INFO 12452 --- [user-service] [           main] .s.d.r.c.RepositoryConfigurationDelegate : Bootstrapping Spring Data JPA repositories in DEFAULT mode.
2025-06-25T13:48:10.235-04:00  INFO 12452 --- [user-service] [           main] .s.d.r.c.RepositoryConfigurationDelegate : Finished Spring Data repository scanning in 11 ms. Found 1 JPA repository interface.
2025-06-25T13:48:10.527-04:00  INFO 12452 --- [user-service] [           main] o.hibernate.jpa.internal.util.LogHelper  : HHH000204: Processing PersistenceUnitInfo [name: default]
2025-06-25T13:48:10.528-04:00  INFO 12452 --- [user-service] [           main] o.h.c.internal.RegionFactoryInitiator    : HHH000026: Second-level cache disabled
2025-06-25T13:48:10.537-04:00  INFO 12452 --- [user-service] [           main] o.s.o.j.p.SpringPersistenceUnitInfo      : No LoadTimeWeaver setup: ignoring JPA class transformer
2025-06-25T13:48:10.538-04:00  INFO 12452 --- [user-service] [           main] com.zaxxer.hikari.HikariDataSource       : HikariPool-1 - Starting...
2025-06-25T13:48:10.547-04:00  INFO 12452 --- [user-service] [           main] com.zaxxer.hikari.pool.HikariPool        : HikariPool-1 - Added connection conn12: url=jdbc:h2:mem:userdb user=SA
2025-06-25T13:48:10.550-04:00  INFO 12452 --- [user-service] [           main] com.zaxxer.hikari.HikariDataSource       : HikariPool-1 - Start completed.
2025-06-25T13:48:10.553-04:00  WARN 12452 --- [user-service] [           main] org.hibernate.orm.deprecation            : HHH90000025: H2Dialect does not need to be specified explicitly using 'hibernate.dialect' (remove the property setting and it will be selected by default)
2025-06-25T13:48:10.555-04:00  INFO 12452 --- [user-service] [           main] org.hibernate.orm.connections.pooling    : HHH10001005: Database info:
	Database JDBC URL [Connecting through datasource 'HikariDataSource (HikariPool-1)']
	Database driver: undefined/unknown
	Database version: 2.3.232
	Autocommit mode: undefined/unknown
	Isolation level: undefined/unknown
	Minimum pool size: undefined/unknown
	Maximum pool size: undefined/unknown
2025-06-25T13:48:10.572-04:00  INFO 12452 --- [user-service] [           main] o.h.e.t.j.p.i.JtaPlatformInitiator       : HHH000489: No JTA platform available (set 'hibernate.transaction.jta.platform' to enable JTA platform integration)
Hibernate: 
    drop table if exists usuario cascade 
Hibernate: 
    create table usuario (
        rol_id integer,
        tienda_id integer,
        usuario_id integer generated by default as identity,
        apellido varchar(255),
        contraseña varchar(255),
        correo_usuario varchar(255) unique,
        estado varchar(255),
        fecha_registro varchar(255),
        nombre_usuario varchar(255),
        ultimo_acceso varchar(255),
        primary key (usuario_id)
    )
2025-06-25T13:48:10.576-04:00  INFO 12452 --- [user-service] [           main] j.LocalContainerEntityManagerFactoryBean : Initialized JPA EntityManagerFactory for persistence unit 'default'
2025-06-25T13:48:10.821-04:00  WARN 12452 --- [user-service] [           main] JpaBaseConfiguration$JpaWebConfiguration : spring.jpa.open-in-view is enabled by default. Therefore, database queries may be performed during view rendering. Explicitly configure spring.jpa.open-in-view to disable this warning
2025-06-25T13:48:11.367-04:00  INFO 12452 --- [user-service] [           main] o.s.b.a.h2.H2ConsoleAutoConfiguration    : H2 console available at '/h2-console'. Database available at 'jdbc:h2:mem:userdb'
2025-06-25T13:48:11.398-04:00  INFO 12452 --- [user-service] [           main] o.s.b.a.e.web.EndpointLinksResolver      : Exposing 1 endpoint beneath base path '/actuator'
2025-06-25T13:48:11.446-04:00  INFO 12452 --- [user-service] [           main] c.e.u.UserServiceApplicationTests        : Started UserServiceApplicationTests in 1.743 seconds (process running for 4.599)
Hibernate: 
    select
        count(*) 
    from
        usuario u1_0
🔄 Generando datos de prueba con DataFaker...
Hibernate: 
    insert 
    into
        usuario
        (apellido, contraseña, correo_usuario, estado, fecha_registro, nombre_usuario, rol_id, tienda_id, ultimo_acceso, usuario_id) 
    values
        (?, ?, ?, ?, ?, ?, ?, ?, ?, default)
Hibernate: 
    insert 
    into
        usuario
        (apellido, contraseña, correo_usuario, estado, fecha_registro, nombre_usuario, rol_id, tienda_id, ultimo_acceso, usuario_id) 
    values
        (?, ?, ?, ?, ?, ?, ?, ?, ?, default)
Hibernate: 
    insert 
    into
        usuario
        (apellido, contraseña, correo_usuario, estado, fecha_registro, nombre_usuario, rol_id, tienda_id, ultimo_acceso, usuario_id) 
    values
        (?, ?, ?, ?, ?, ?, ?, ?, ?, default)
Hibernate: 
    insert 
    into
        usuario
        (apellido, contraseña, correo_usuario, estado, fecha_registro, nombre_usuario, rol_id, tienda_id, ultimo_acceso, usuario_id) 
    values
        (?, ?, ?, ?, ?, ?, ?, ?, ?, default)
Hibernate: 
    insert 
    into
        usuario
        (apellido, contraseña, correo_usuario, estado, fecha_registro, nombre_usuario, rol_id, tienda_id, ultimo_acceso, usuario_id) 
    values
        (?, ?, ?, ?, ?, ?, ?, ?, ?, default)
Hibernate: 
    insert 
    into
        usuario
        (apellido, contraseña, correo_usuario, estado, fecha_registro, nombre_usuario, rol_id, tienda_id, ultimo_acceso, usuario_id) 
    values
        (?, ?, ?, ?, ?, ?, ?, ?, ?, default)
Hibernate: 
    insert 
    into
        usuario
        (apellido, contraseña, correo_usuario, estado, fecha_registro, nombre_usuario, rol_id, tienda_id, ultimo_acceso, usuario_id) 
    values
        (?, ?, ?, ?, ?, ?, ?, ?, ?, default)
Hibernate: 
    insert 
    into
        usuario
        (apellido, contraseña, correo_usuario, estado, fecha_registro, nombre_usuario, rol_id, tienda_id, ultimo_acceso, usuario_id) 
    values
        (?, ?, ?, ?, ?, ?, ?, ?, ?, default)
Hibernate: 
    insert 
    into
        usuario
        (apellido, contraseña, correo_usuario, estado, fecha_registro, nombre_usuario, rol_id, tienda_id, ultimo_acceso, usuario_id) 
    values
        (?, ?, ?, ?, ?, ?, ?, ?, ?, default)
Hibernate: 
    insert 
    into
        usuario
        (apellido, contraseña, correo_usuario, estado, fecha_registro, nombre_usuario, rol_id, tienda_id, ultimo_acceso, usuario_id) 
    values
        (?, ?, ?, ?, ?, ?, ?, ?, ?, default)
Hibernate: 
    insert 
    into
        usuario
        (apellido, contraseña, correo_usuario, estado, fecha_registro, nombre_usuario, rol_id, tienda_id, ultimo_acceso, usuario_id) 
    values
        (?, ?, ?, ?, ?, ?, ?, ?, ?, default)
Hibernate: 
    insert 
    into
        usuario
        (apellido, contraseña, correo_usuario, estado, fecha_registro, nombre_usuario, rol_id, tienda_id, ultimo_acceso, usuario_id) 
    values
        (?, ?, ?, ?, ?, ?, ?, ?, ?, default)
Hibernate: 
    insert 
    into
        usuario
        (apellido, contraseña, correo_usuario, estado, fecha_registro, nombre_usuario, rol_id, tienda_id, ultimo_acceso, usuario_id) 
    values
        (?, ?, ?, ?, ?, ?, ?, ?, ?, default)
Hibernate: 
    insert 
    into
        usuario
        (apellido, contraseña, correo_usuario, estado, fecha_registro, nombre_usuario, rol_id, tienda_id, ultimo_acceso, usuario_id) 
    values
        (?, ?, ?, ?, ?, ?, ?, ?, ?, default)
Hibernate: 
    insert 
    into
        usuario
        (apellido, contraseña, correo_usuario, estado, fecha_registro, nombre_usuario, rol_id, tienda_id, ultimo_acceso, usuario_id) 
    values
        (?, ?, ?, ?, ?, ?, ?, ?, ?, default)
Hibernate: 
    insert 
    into
        usuario
        (apellido, contraseña, correo_usuario, estado, fecha_registro, nombre_usuario, rol_id, tienda_id, ultimo_acceso, usuario_id) 
    values
        (?, ?, ?, ?, ?, ?, ?, ?, ?, default)
Hibernate: 
    insert 
    into
        usuario
        (apellido, contraseña, correo_usuario, estado, fecha_registro, nombre_usuario, rol_id, tienda_id, ultimo_acceso, usuario_id) 
    values
        (?, ?, ?, ?, ?, ?, ?, ?, ?, default)
Hibernate: 
    insert 
    into
        usuario
        (apellido, contraseña, correo_usuario, estado, fecha_registro, nombre_usuario, rol_id, tienda_id, ultimo_acceso, usuario_id) 
    values
        (?, ?, ?, ?, ?, ?, ?, ?, ?, default)
Hibernate: 
    insert 
    into
        usuario
        (apellido, contraseña, correo_usuario, estado, fecha_registro, nombre_usuario, rol_id, tienda_id, ultimo_acceso, usuario_id) 
    values
        (?, ?, ?, ?, ?, ?, ?, ?, ?, default)
Hibernate: 
    insert 
    into
        usuario
        (apellido, contraseña, correo_usuario, estado, fecha_registro, nombre_usuario, rol_id, tienda_id, ultimo_acceso, usuario_id) 
    values
        (?, ?, ?, ?, ?, ?, ?, ?, ?, default)
Hibernate: 
    insert 
    into
        usuario
        (apellido, contraseña, correo_usuario, estado, fecha_registro, nombre_usuario, rol_id, tienda_id, ultimo_acceso, usuario_id) 
    values
        (?, ?, ?, ?, ?, ?, ?, ?, ?, default)
Hibernate: 
    insert 
    into
        usuario
        (apellido, contraseña, correo_usuario, estado, fecha_registro, nombre_usuario, rol_id, tienda_id, ultimo_acceso, usuario_id) 
    values
        (?, ?, ?, ?, ?, ?, ?, ?, ?, default)
Hibernate: 
    insert 
    into
        usuario
        (apellido, contraseña, correo_usuario, estado, fecha_registro, nombre_usuario, rol_id, tienda_id, ultimo_acceso, usuario_id) 
    values
        (?, ?, ?, ?, ?, ?, ?, ?, ?, default)
Hibernate: 
    insert 
    into
        usuario
        (apellido, contraseña, correo_usuario, estado, fecha_registro, nombre_usuario, rol_id, tienda_id, ultimo_acceso, usuario_id) 
    values
        (?, ?, ?, ?, ?, ?, ?, ?, ?, default)
Hibernate: 
    insert 
    into
        usuario
        (apellido, contraseña, correo_usuario, estado, fecha_registro, nombre_usuario, rol_id, tienda_id, ultimo_acceso, usuario_id) 
    values
        (?, ?, ?, ?, ?, ?, ?, ?, ?, default)
✅ Se generaron 25 usuarios de prueba exitosamente!
Hibernate: 
    select
        count(*) 
    from
        usuario u1_0
📊 Total de usuarios en la base de datos: 25
]]></system-out>
  </testcase>
</testsuite>